<?xml version="1.0" encoding="UTF-8"?>
<testsuite name="CalculatorTest" tests="12" skipped="0" failures="0" errors="0" timestamp="2021-09-27T00:22:04" hostname="ICARO-X50" time="2.991">
  <properties/>
  <testcase name="multiplyWithSomeDoubleValues" classname="CalculatorTest" time="2.96"/>
  <testcase name="subtractWithSomeFloatValues" classname="CalculatorTest" time="0.007"/>
  <testcase name="subtractWithSomeDoubleValues" classname="CalculatorTest" time="0.002"/>
  <testcase name="divideWithSomeDoubleValues" classname="CalculatorTest" time="0.001"/>
  <testcase name="multiplyWithSomeFloatValues" classname="CalculatorTest" time="0.001"/>
  <testcase name="sumWithSomeDoubleValues" classname="CalculatorTest" time="0.002"/>
  <testcase name="divideWithSomeFloatValues" classname="CalculatorTest" time="0.002"/>
  <testcase name="sumWithSomeIntValues" classname="CalculatorTest" time="0.007"/>
  <testcase name="sumWithSomeFloatValues" classname="CalculatorTest" time="0.002"/>
  <testcase name="divideWithSomeIntValues" classname="CalculatorTest" time="0.002"/>
  <testcase name="multiplyWithSomeIntValues" classname="CalculatorTest" time="0.002"/>
  <testcase name="subtractWithSomeIntValues" classname="CalculatorTest" time="0.002"/>
  <system-out><![CDATA[]]></system-out>
  <system-err><![CDATA[]]></system-err>
</testsuite>
